Reading depletion results...

Reactor Metrics: Uptime - 157680000.0 s
Reactor Metrics: Total Decay Heat - 134668.00503910513 W
Reactor Metrics: Power (kWh) - 505751.13225676375 kWh
                       (or 1820704076124.35 Joules)
Reactor Metrics:Net Pu-239 Created(+)/Destroyed(-) 4.534807e+01 g
Reactor Metrics:Net Cm-244 Created(+)/Destroyed(-) -6.066862e+02 g
Reactor Metrics: Power @ Start (kW) - 11.85 kW
Reactor Metrics: Power @ End (kW) - 11.43 kW
--- Results ---
Raw Tally Mean:   5.168e+01 [cm per source particle]
Material Volume:  69455.90 cm^3
Source Strength:  1.0e+15 n/s
------------------------------
TRUE NEUTRON FLUX: 7.441e+11 n/cm^2-s
------------------------------
Total Heat Deposition: 11433.52 W
Surface Area:          0.8171 m^2
------------------------------
AVERAGE HEAT FLUX:     13992.32 W/m^2
------------------------------

Generating time-series arrays for graphing...
Extracting flux history from 13 statepoint files...

==================================================
   DATA ARRAYS FOR GRAPHING
==================================================

# 1. Time Steps [seconds]:
array([0.0000e+00, 1.3140e+07, 2.6280e+07, 3.9420e+07, 5.2560e+07,
       6.5700e+07, 7.8840e+07, 9.1980e+07, 1.0512e+08, 1.1826e+08,
       1.3140e+08, 1.4454e+08, 1.5768e+08])

# 2. Fission Rate [reactions/sec]:
array([3.69726379e+14, 3.65621568e+14, 3.68724797e+14, 3.61167005e+14,
       3.72805320e+14, 3.54334560e+14, 3.57890127e+14, 3.57563353e+14,
       3.64278102e+14, 3.55472259e+14, 3.53630735e+14, 3.55870322e+14,
       3.56811235e+14])

# 3. Power [Watts]:
array([11847.36421059, 11715.83128661, 11815.26991756, 11573.09105279,
       11946.02456598, 11354.15489636, 11468.08806773, 11457.6170475 ,
       11672.78179146, 11390.61088818, 11331.60180729, 11403.36624502,
       11433.51647648])

# 4. Heat Flux [W/m^2]:
array([14498.78182796, 14337.81208531, 14459.50489308, 14163.12685816,
       14619.52218356, 13895.19320559, 14034.6244044 , 14021.80998972,
       14285.12819487, 13939.80797917, 13867.592778  , 13955.41796065,
       13992.31575667])

# 5. Neutron Flux [n/cm^2-s]:
array([7.31718125e+11, 7.44080439e+11, 7.42393137e+11, 7.38351937e+11,
       7.44254247e+11, 7.33969165e+11, 7.43777526e+11, 7.36771754e+11,
       7.39254933e+11, 7.36147723e+11, 7.35721259e+11, 7.39038673e+11,
       7.42686181e+11])
==================================================

--- BURNUP RESULTS ---
Step 00: 0.000000 MWd/kg
Step 01: 0.000055 MWd/kg
Step 02: 0.000110 MWd/kg
Step 03: 0.000164 MWd/kg
Step 04: 0.000219 MWd/kg
Step 05: 0.000272 MWd/kg
Step 06: 0.000326 MWd/kg
Step 07: 0.000379 MWd/kg
Step 08: 0.000434 MWd/kg
Step 09: 0.000487 MWd/kg
Step 10: 0.000540 MWd/kg
Step 11: 0.000593 MWd/kg
Step 12: 0.000646 MWd/kg

Final Burnup: 0.000646 MWd/kg

# 6. Burnup [MWd/kg]:
array([0.00000000e+00, 5.46548646e-05, 1.09773615e-04, 1.63762590e-04,
       2.19491316e-04, 2.72458945e-04, 3.25958076e-04, 3.79408360e-04,
       4.33862397e-04, 4.87000094e-04, 5.39862512e-04, 5.93059713e-04,
       6.46397567e-04])
